frontend_android/build/app/intermediates/manifest_merge_blame_file/debug/manifest-merger-blame-debug-report.txt
1<?xml version="1.0" encoding="utf-8"?>
2<manifest xmlns:android="http://schemas.android.com/apk/res/android"
3    package="com.example.frontend_android"
4    android:versionCode="1"
5    android:versionName="0.1.0" >
6
7    <uses-sdk
8        android:minSdkVersion="19"
9        android:targetSdkVersion="33" />
10    <!--
11         The INTERNET permission is required for development. Specifically,
12         the Flutter tool needs it to communicate with the running application
13         to allow setting breakpoints, to provide hot reload, etc.
14    -->
15    <uses-permission android:name="android.permission.INTERNET" />
15-->src\main\AndroidManifest.xml:6:5-67
15-->src\main\AndroidManifest.xml:6:22-64
16    <uses-permission android:name="android.permission.ACCESS_FINE_LOCATION" />
16-->src\main\AndroidManifest.xml:2:5-3:66
16-->src\main\AndroidManifest.xml:3:9-63
17    <uses-permission android:name="android.permission.ACCESS_COARSE_LOCATION" />
17-->src\main\AndroidManifest.xml:4:5-5:68
17-->src\main\AndroidManifest.xml:5:9-65
18
19    <queries>
19-->src\main\AndroidManifest.xml:31:5-38:15
20        <intent>
20-->src\main\AndroidManifest.xml:32:9-37:18
21            <action android:name="android.intent.action.PROCESS_TEXT" />
21-->src\main\AndroidManifest.xml:33:13-34:69
21-->src\main\AndroidManifest.xml:34:17-66
22
23            <data android:mimeType="text/plain" />
23-->src\main\AndroidManifest.xml:35:13-36:49
23-->src\main\AndroidManifest.xml:36:17-46
24        </intent>
25    </queries>
26
27    <permission
27-->[androidx.core:core:1.10.1] AndroidManifest.xml:22:5-24:47
28        android:name="com.example.frontend_android.DYNAMIC_RECEIVER_NOT_EXPORTED_PERMISSION"
28-->[androidx.core:core:1.10.1] AndroidManifest.xml:23:9-81
29        android:protectionLevel="signature" />
29-->[androidx.core:core:1.10.1] AndroidManifest.xml:24:9-44
30
31    <uses-permission android:name="com.example.frontend_android.DYNAMIC_RECEIVER_NOT_EXPORTED_PERMISSION" />
31-->[androidx.core:core:1.10.1] AndroidManifest.xml:26:5-97
31-->[androidx.core:core:1.10.1] AndroidManifest.xml:26:22-94
32
33    <application
34        android:name="android.app.Application"
35        android:appComponentFactory="androidx.core.app.CoreComponentFactory"
35-->[androidx.core:core:1.10.1] AndroidManifest.xml:28:18-86
36        android:debuggable="true"
37        android:icon="@mipmap/launcher_icon"
38        android:label="Parqueate Bien" >
39        <activity
40            android:name="com.example.frontend_android.MainActivity"
41            android:configChanges="orientation|keyboardHidden|keyboard|screenSize|smallestScreenSize|locale|layoutDirection|fontScale|screenLayout|density|uiMode"
42            android:exported="true"
43            android:hardwareAccelerated="true"
44            android:launchMode="singleTop"
45            android:theme="@style/LaunchTheme"
46            android:windowSoftInputMode="adjustResize" >
47            <meta-data
48                android:name="io.flutter.embedding.android.NormalTheme"
49                android:resource="@style/NormalTheme" />
50
51            <intent-filter>
52                <action android:name="android.intent.action.MAIN" />
53
54                <category android:name="android.intent.category.LAUNCHER" />
55            </intent-filter>
56        </activity>
57
58        <meta-data
59            android:name="flutterEmbedding"
60            android:value="2" />
61
62        <service
62-->[:geolocator_android] AndroidManifest.xml:10:9-14:56
63            android:name="com.baseflow.geolocator.GeolocatorLocationService"
63-->[:geolocator_android] AndroidManifest.xml:11:13-77
64            android:enabled="true"
64-->[:geolocator_android] AndroidManifest.xml:12:13-35
65            android:exported="false"
65-->[:geolocator_android] AndroidManifest.xml:13:13-37
66            android:foregroundServiceType="location" />
66-->[:geolocator_android] AndroidManifest.xml:14:13-53
67
68        <provider
68-->[:image_picker_android] AndroidManifest.xml:10:9-18:20
69            android:name="io.flutter.plugins.imagepicker.ImagePickerFileProvider"
69-->[:image_picker_android] AndroidManifest.xml:11:13-82
70            android:authorities="com.example.frontend_android.flutter.image_provider"
70-->[:image_picker_android] AndroidManifest.xml:12:13-74
71            android:exported="false"
71-->[:image_picker_android] AndroidManifest.xml:13:13-37
72            android:grantUriPermissions="true" >
72-->[:image_picker_android] AndroidManifest.xml:14:13-47
73            <meta-data
73-->[:image_picker_android] AndroidManifest.xml:15:13-17:75
74                android:name="android.support.FILE_PROVIDER_PATHS"
74-->[:image_picker_android] AndroidManifest.xml:16:17-67
75                android:resource="@xml/flutter_image_picker_file_paths" />
75-->[:image_picker_android] AndroidManifest.xml:17:17-72
76        </provider>
77
78        <activity
78-->[com.google.android.gms:play-services-base:18.1.0] AndroidManifest.xml:20:9-22:45
79            android:name="com.google.android.gms.common.api.GoogleApiActivity"
79-->[com.google.android.gms:play-services-base:18.1.0] AndroidManifest.xml:20:19-85
80            android:exported="false"
80-->[com.google.android.gms:play-services-base:18.1.0] AndroidManifest.xml:22:19-43
81            android:theme="@android:style/Theme.Translucent.NoTitleBar" />
81-->[com.google.android.gms:play-services-base:18.1.0] AndroidManifest.xml:21:19-78
82
83        <meta-data
83-->[com.google.android.gms:play-services-basement:18.1.0] AndroidManifest.xml:21:9-23:69
84            android:name="com.google.android.gms.version"
84-->[com.google.android.gms:play-services-basement:18.1.0] AndroidManifest.xml:22:13-58
85            android:value="@integer/google_play_services_version" />
85-->[com.google.android.gms:play-services-basement:18.1.0] AndroidManifest.xml:23:13-66
86
87        <uses-library
87-->[androidx.window:window:1.0.0-beta04] AndroidManifest.xml:25:9-27:40
88            android:name="androidx.window.extensions"
88-->[androidx.window:window:1.0.0-beta04] AndroidManifest.xml:26:13-54
89            android:required="false" />
89-->[androidx.window:window:1.0.0-beta04] AndroidManifest.xml:27:13-37
90        <uses-library
90-->[androidx.window:window:1.0.0-beta04] AndroidManifest.xml:28:9-30:40
91            android:name="androidx.window.sidecar"
91-->[androidx.window:window:1.0.0-beta04] AndroidManifest.xml:29:13-51
92            android:required="false" />
92-->[androidx.window:window:1.0.0-beta04] AndroidManifest.xml:30:13-37
93
94        <provider
94-->[androidx.profileinstaller:profileinstaller:1.3.0] AndroidManifest.xml:24:9-32:20
95            android:name="androidx.startup.InitializationProvider"
95-->[androidx.profileinstaller:profileinstaller:1.3.0] AndroidManifest.xml:25:13-67
96            android:authorities="com.example.frontend_android.androidx-startup"
96-->[androidx.profileinstaller:profileinstaller:1.3.0] AndroidManifest.xml:26:13-68
97            android:exported="false" >
97-->[androidx.profileinstaller:profileinstaller:1.3.0] AndroidManifest.xml:27:13-37
98            <meta-data
98-->[androidx.profileinstaller:profileinstaller:1.3.0] AndroidManifest.xml:29:13-31:52
99                android:name="androidx.profileinstaller.ProfileInstallerInitializer"
99-->[androidx.profileinstaller:profileinstaller:1.3.0] AndroidManifest.xml:30:17-85
100                android:value="androidx.startup" />
100-->[androidx.profileinstaller:profileinstaller:1.3.0] AndroidManifest.xml:31:17-49
101        </provider>
102
103        <receiver
103-->[androidx.profileinstaller:profileinstaller:1.3.0] AndroidManifest.xml:34:9-52:20
104            android:name="androidx.profileinstaller.ProfileInstallReceiver"
104-->[androidx.profileinstaller:profileinstaller:1.3.0] AndroidManifest.xml:35:13-76
105            android:directBootAware="false"
105-->[androidx.profileinstaller:profileinstaller:1.3.0] AndroidManifest.xml:36:13-44
106            android:enabled="true"
106-->[androidx.profileinstaller:profileinstaller:1.3.0] AndroidManifest.xml:37:13-35
107            android:exported="true"
107-->[androidx.profileinstaller:profileinstaller:1.3.0] AndroidManifest.xml:38:13-36
108            android:permission="android.permission.DUMP" >
108-->[androidx.profileinstaller:profileinstaller:1.3.0] AndroidManifest.xml:39:13-57
109            <intent-filter>
109-->[androidx.profileinstaller:profileinstaller:1.3.0] AndroidManifest.xml:40:13-42:29
110                <action android:name="androidx.profileinstaller.action.INSTALL_PROFILE" />
110-->[androidx.profileinstaller:profileinstaller:1.3.0] AndroidManifest.xml:41:17-91
110-->[androidx.profileinstaller:profileinstaller:1.3.0] AndroidManifest.xml:41:25-88
111            </intent-filter>
112            <intent-filter>
112-->[androidx.profileinstaller:profileinstaller:1.3.0] AndroidManifest.xml:43:13-45:29
113                <action android:name="androidx.profileinstaller.action.SKIP_FILE" />
113-->[androidx.profileinstaller:profileinstaller:1.3.0] AndroidManifest.xml:44:17-85
113-->[androidx.profileinstaller:profileinstaller:1.3.0] AndroidManifest.xml:44:25-82
114            </intent-filter>
115            <intent-filter>
115-->[androidx.profileinstaller:profileinstaller:1.3.0] AndroidManifest.xml:46:13-48:29
116                <action android:name="androidx.profileinstaller.action.SAVE_PROFILE" />
116-->[androidx.profileinstaller:profileinstaller:1.3.0] AndroidManifest.xml:47:17-88
116-->[androidx.profileinstaller:profileinstaller:1.3.0] AndroidManifest.xml:47:25-85
117            </intent-filter>
118            <intent-filter>
118-->[androidx.profileinstaller:profileinstaller:1.3.0] AndroidManifest.xml:49:13-51:29
119                <action android:name="androidx.profileinstaller.action.BENCHMARK_OPERATION" />
119-->[androidx.profileinstaller:profileinstaller:1.3.0] AndroidManifest.xml:50:17-95
119-->[androidx.profileinstaller:profileinstaller:1.3.0] AndroidManifest.xml:50:25-92
120            </intent-filter>
121        </receiver>
122    </application>
123
124</manifest>